-------------------------------------------------------------------------------
Test set: com.examly.springapploan.SpringappApplicationTests
-------------------------------------------------------------------------------
Tests run: 9, Failures: 9, Errors: 0, Skipped: 0, Time elapsed: 3.201 s <<< FAILURE! - in com.examly.springapploan.SpringappApplicationTests
backend_testGetAllloans  Time elapsed: 0.216 s  <<< FAILURE!
java.lang.AssertionError: Status expected:<200> but was:<401>
	at com.examly.springapploan.SpringappApplicationTests.backend_testGetAllloans(SpringapploanApplicationTests.java:46)

backend_testLoanControllerClassExists  Time elapsed: 0.004 s  <<< FAILURE!
org.opentest4j.AssertionFailedError: Class com.examly.springapploan.controller.LoanController does not exist.
	at com.examly.springapploan.SpringappApplicationTests.checkClassExists(SpringapploanApplicationTests.java:146)
	at com.examly.springapploan.SpringappApplicationTests.backend_testLoanControllerClassExists(SpringapploanApplicationTests.java:152)

backend_testLoanApplocationModelClassExists  Time elapsed: 0.002 s  <<< FAILURE!
org.opentest4j.AssertionFailedError: Class com.examly.springapploan.model.LoanApplication does not exist.
	at com.examly.springapploan.SpringappApplicationTests.checkClassExists(SpringapploanApplicationTests.java:146)
	at com.examly.springapploan.SpringappApplicationTests.backend_testLoanApplocationModelClassExists(SpringapploanApplicationTests.java:169)

backend_testLoanApplicationInterfaceAndImplementation  Time elapsed: 0.002 s  <<< FAILURE!
org.opentest4j.AssertionFailedError: Interface or implementation not found
	at com.examly.springapploan.SpringappApplicationTests.backend_testLoanApplicationInterfaceAndImplementation(SpringapploanApplicationTests.java:135)

backend_testLoanApplication_HasManyToOneAnnotation  Time elapsed: 0.002 s  <<< FAILURE!
org.opentest4j.AssertionFailedError: Class not found: com.examly.springapploan.model.LoanApplication
	at com.examly.springapploan.SpringappApplicationTests.backend_testLoanApplication_HasManyToOneAnnotation(SpringapploanApplicationTests.java:79)

backend_testLoanDisbursementHasManyToOneAnnotation  Time elapsed: 0.001 s  <<< FAILURE!
org.opentest4j.AssertionFailedError: Class not found: com.examly.springapploan.model.LoanDisbursement
	at com.examly.springapploan.SpringappApplicationTests.backend_testLoanDisbursementHasManyToOneAnnotation(SpringapploanApplicationTests.java:109)

backend_testLoanModelClassExists  Time elapsed: 0.002 s  <<< FAILURE!
org.opentest4j.AssertionFailedError: Class com.examly.springapploan.model.Loan does not exist.
	at com.examly.springapploan.SpringappApplicationTests.checkClassExists(SpringapploanApplicationTests.java:146)
	at com.examly.springapploan.SpringappApplicationTests.backend_testLoanModelClassExists(SpringapploanApplicationTests.java:164)

backend_testLoanApplicationControllerClassExists  Time elapsed: 0.002 s  <<< FAILURE!
org.opentest4j.AssertionFailedError: Class com.examly.springapploan.controller.LoanApplicationController does not exist.
	at com.examly.springapploan.SpringappApplicationTests.checkClassExists(SpringapploanApplicationTests.java:146)
	at com.examly.springapploan.SpringappApplicationTests.backend_testLoanApplicationControllerClassExists(SpringapploanApplicationTests.java:157)

backend_testLoanInterfaceAndImplementation  Time elapsed: 0.002 s  <<< FAILURE!
org.opentest4j.AssertionFailedError: Interface or implementation not found
	at com.examly.springapploan.SpringappApplicationTests.backend_testLoanInterfaceAndImplementation(SpringapploanApplicationTests.java:122)

