-------------------------------------------------------------------------------
Test set: com.examly.springapploan.SpringappApplicationTests
-------------------------------------------------------------------------------
Tests run: 9, Failures: 0, Errors: 9, Skipped: 0, Time elapsed: 7.162 s <<< FAILURE! - in com.examly.springapploan.SpringappApplicationTests
backend_testGetAllloans  Time elapsed: 0.006 s  <<< ERROR!
java.lang.IllegalStateException: Failed to load ApplicationContext for [WebMergedContextConfiguration@245b0bd7 testClass = com.examly.springapploan.SpringappApplicationTests, locations = [], classes = [com.examly.springapploan.SpringapploanApplication], contextInitializerClasses = [], activeProfiles = [], propertySourceLocations = [], propertySourceProperties = ["org.springframework.boot.test.context.SpringBootTestContextBootstrapper=true"], contextCustomizers = [[ImportsContextCustomizer@3bf41cd0 key = [org.springframework.boot.test.autoconfigure.web.servlet.MockMvcAutoConfiguration, org.springframework.boot.test.autoconfigure.web.servlet.MockMvcWebClientAutoConfiguration, org.springframework.boot.test.autoconfigure.web.servlet.MockMvcWebDriverAutoConfiguration, org.springframework.boot.autoconfigure.security.oauth2.client.servlet.OAuth2ClientAutoConfiguration, org.springframework.boot.autoconfigure.security.oauth2.resource.servlet.OAuth2ResourceServerAutoConfiguration, org.springframework.boot.autoconfigure.security.servlet.SecurityAutoConfiguration, org.springframework.boot.autoconfigure.security.servlet.SecurityFilterAutoConfiguration, org.springframework.boot.autoconfigure.security.servlet.UserDetailsServiceAutoConfiguration, org.springframework.boot.test.autoconfigure.web.servlet.MockMvcSecurityConfiguration, org.springframework.boot.test.autoconfigure.web.reactive.WebTestClientAutoConfiguration]], org.springframework.boot.test.context.filter.ExcludeFilterContextCustomizer@5afa3c9, org.springframework.boot.test.json.DuplicateJsonObjectContextCustomizerFactory$DuplicateJsonObjectContextCustomizer@8458f04, org.springframework.boot.test.mock.mockito.MockitoContextCustomizer@0, org.springframework.boot.test.web.client.TestRestTemplateContextCustomizer@7ce026d3, org.springframework.boot.test.autoconfigure.actuate.observability.ObservabilityContextCustomizerFactory$DisableObservabilityContextCustomizer@9da1, org.springframework.boot.test.autoconfigure.properties.PropertyMappingContextCustomizer@4b3fa0b3, org.springframework.boot.test.autoconfigure.web.servlet.WebDriverContextCustomizerFactory$Customizer@6d60fe40, org.springframework.boot.test.context.SpringBootTestAnnotation@8b386323], resourceBasePath = "src/main/webapp", contextLoader = org.springframework.boot.test.context.SpringBootContextLoader, parent = null]
Caused by: org.springframework.beans.factory.UnsatisfiedDependencyException: Error creating bean with name 'collegeApplicationController' defined in file [/home/coder/project/workspace/springapploan/target/classes/com/examly/springapploan/controller/CollegeApplicationController.class]: Unsatisfied dependency expressed through constructor parameter 0: Error creating bean with name 'collegeApplicationServiceImpl' defined in file [/home/coder/project/workspace/springapploan/target/classes/com/examly/springapploan/service/CollegeApplicationServiceImpl.class]: Unsatisfied dependency expressed through constructor parameter 0: Error creating bean with name 'collegeApplicationRepository' defined in com.examly.springapploan.repository.CollegeApplicationRepository defined in @EnableJpaRepositories declared on JpaRepositoriesRegistrar.EnableJpaRepositoriesConfiguration: Not a managed type: class com.examly.springapploan.model.CollegeApplication
Caused by: org.springframework.beans.factory.UnsatisfiedDependencyException: Error creating bean with name 'collegeApplicationServiceImpl' defined in file [/home/coder/project/workspace/springapploan/target/classes/com/examly/springapploan/service/CollegeApplicationServiceImpl.class]: Unsatisfied dependency expressed through constructor parameter 0: Error creating bean with name 'collegeApplicationRepository' defined in com.examly.springapploan.repository.CollegeApplicationRepository defined in @EnableJpaRepositories declared on JpaRepositoriesRegistrar.EnableJpaRepositoriesConfiguration: Not a managed type: class com.examly.springapploan.model.CollegeApplication
Caused by: org.springframework.beans.factory.BeanCreationException: Error creating bean with name 'collegeApplicationRepository' defined in com.examly.springapploan.repository.CollegeApplicationRepository defined in @EnableJpaRepositories declared on JpaRepositoriesRegistrar.EnableJpaRepositoriesConfiguration: Not a managed type: class com.examly.springapploan.model.CollegeApplication
Caused by: java.lang.IllegalArgumentException: Not a managed type: class com.examly.springapploan.model.CollegeApplication

backend_testLoanControllerClassExists  Time elapsed: 0.001 s  <<< ERROR!
java.lang.IllegalStateException: Failed to load ApplicationContext for [WebMergedContextConfiguration@245b0bd7 testClass = com.examly.springapploan.SpringappApplicationTests, locations = [], classes = [com.examly.springapploan.SpringapploanApplication], contextInitializerClasses = [], activeProfiles = [], propertySourceLocations = [], propertySourceProperties = ["org.springframework.boot.test.context.SpringBootTestContextBootstrapper=true"], contextCustomizers = [[ImportsContextCustomizer@3bf41cd0 key = [org.springframework.boot.test.autoconfigure.web.servlet.MockMvcAutoConfiguration, org.springframework.boot.test.autoconfigure.web.servlet.MockMvcWebClientAutoConfiguration, org.springframework.boot.test.autoconfigure.web.servlet.MockMvcWebDriverAutoConfiguration, org.springframework.boot.autoconfigure.security.oauth2.client.servlet.OAuth2ClientAutoConfiguration, org.springframework.boot.autoconfigure.security.oauth2.resource.servlet.OAuth2ResourceServerAutoConfiguration, org.springframework.boot.autoconfigure.security.servlet.SecurityAutoConfiguration, org.springframework.boot.autoconfigure.security.servlet.SecurityFilterAutoConfiguration, org.springframework.boot.autoconfigure.security.servlet.UserDetailsServiceAutoConfiguration, org.springframework.boot.test.autoconfigure.web.servlet.MockMvcSecurityConfiguration, org.springframework.boot.test.autoconfigure.web.reactive.WebTestClientAutoConfiguration]], org.springframework.boot.test.context.filter.ExcludeFilterContextCustomizer@5afa3c9, org.springframework.boot.test.json.DuplicateJsonObjectContextCustomizerFactory$DuplicateJsonObjectContextCustomizer@8458f04, org.springframework.boot.test.mock.mockito.MockitoContextCustomizer@0, org.springframework.boot.test.web.client.TestRestTemplateContextCustomizer@7ce026d3, org.springframework.boot.test.autoconfigure.actuate.observability.ObservabilityContextCustomizerFactory$DisableObservabilityContextCustomizer@9da1, org.springframework.boot.test.autoconfigure.properties.PropertyMappingContextCustomizer@4b3fa0b3, org.springframework.boot.test.autoconfigure.web.servlet.WebDriverContextCustomizerFactory$Customizer@6d60fe40, org.springframework.boot.test.context.SpringBootTestAnnotation@8b386323], resourceBasePath = "src/main/webapp", contextLoader = org.springframework.boot.test.context.SpringBootContextLoader, parent = null]
Caused by: org.springframework.beans.factory.UnsatisfiedDependencyException: Error creating bean with name 'collegeApplicationController' defined in file [/home/coder/project/workspace/springapploan/target/classes/com/examly/springapploan/controller/CollegeApplicationController.class]: Unsatisfied dependency expressed through constructor parameter 0: Error creating bean with name 'collegeApplicationServiceImpl' defined in file [/home/coder/project/workspace/springapploan/target/classes/com/examly/springapploan/service/CollegeApplicationServiceImpl.class]: Unsatisfied dependency expressed through constructor parameter 0: Error creating bean with name 'collegeApplicationRepository' defined in com.examly.springapploan.repository.CollegeApplicationRepository defined in @EnableJpaRepositories declared on JpaRepositoriesRegistrar.EnableJpaRepositoriesConfiguration: Not a managed type: class com.examly.springapploan.model.CollegeApplication
Caused by: org.springframework.beans.factory.UnsatisfiedDependencyException: Error creating bean with name 'collegeApplicationServiceImpl' defined in file [/home/coder/project/workspace/springapploan/target/classes/com/examly/springapploan/service/CollegeApplicationServiceImpl.class]: Unsatisfied dependency expressed through constructor parameter 0: Error creating bean with name 'collegeApplicationRepository' defined in com.examly.springapploan.repository.CollegeApplicationRepository defined in @EnableJpaRepositories declared on JpaRepositoriesRegistrar.EnableJpaRepositoriesConfiguration: Not a managed type: class com.examly.springapploan.model.CollegeApplication
Caused by: org.springframework.beans.factory.BeanCreationException: Error creating bean with name 'collegeApplicationRepository' defined in com.examly.springapploan.repository.CollegeApplicationRepository defined in @EnableJpaRepositories declared on JpaRepositoriesRegistrar.EnableJpaRepositoriesConfiguration: Not a managed type: class com.examly.springapploan.model.CollegeApplication
Caused by: java.lang.IllegalArgumentException: Not a managed type: class com.examly.springapploan.model.CollegeApplication

backend_testLoanApplocationModelClassExists  Time elapsed: 0 s  <<< ERROR!
java.lang.IllegalStateException: Failed to load ApplicationContext for [WebMergedContextConfiguration@245b0bd7 testClass = com.examly.springapploan.SpringappApplicationTests, locations = [], classes = [com.examly.springapploan.SpringapploanApplication], contextInitializerClasses = [], activeProfiles = [], propertySourceLocations = [], propertySourceProperties = ["org.springframework.boot.test.context.SpringBootTestContextBootstrapper=true"], contextCustomizers = [[ImportsContextCustomizer@3bf41cd0 key = [org.springframework.boot.test.autoconfigure.web.servlet.MockMvcAutoConfiguration, org.springframework.boot.test.autoconfigure.web.servlet.MockMvcWebClientAutoConfiguration, org.springframework.boot.test.autoconfigure.web.servlet.MockMvcWebDriverAutoConfiguration, org.springframework.boot.autoconfigure.security.oauth2.client.servlet.OAuth2ClientAutoConfiguration, org.springframework.boot.autoconfigure.security.oauth2.resource.servlet.OAuth2ResourceServerAutoConfiguration, org.springframework.boot.autoconfigure.security.servlet.SecurityAutoConfiguration, org.springframework.boot.autoconfigure.security.servlet.SecurityFilterAutoConfiguration, org.springframework.boot.autoconfigure.security.servlet.UserDetailsServiceAutoConfiguration, org.springframework.boot.test.autoconfigure.web.servlet.MockMvcSecurityConfiguration, org.springframework.boot.test.autoconfigure.web.reactive.WebTestClientAutoConfiguration]], org.springframework.boot.test.context.filter.ExcludeFilterContextCustomizer@5afa3c9, org.springframework.boot.test.json.DuplicateJsonObjectContextCustomizerFactory$DuplicateJsonObjectContextCustomizer@8458f04, org.springframework.boot.test.mock.mockito.MockitoContextCustomizer@0, org.springframework.boot.test.web.client.TestRestTemplateContextCustomizer@7ce026d3, org.springframework.boot.test.autoconfigure.actuate.observability.ObservabilityContextCustomizerFactory$DisableObservabilityContextCustomizer@9da1, org.springframework.boot.test.autoconfigure.properties.PropertyMappingContextCustomizer@4b3fa0b3, org.springframework.boot.test.autoconfigure.web.servlet.WebDriverContextCustomizerFactory$Customizer@6d60fe40, org.springframework.boot.test.context.SpringBootTestAnnotation@8b386323], resourceBasePath = "src/main/webapp", contextLoader = org.springframework.boot.test.context.SpringBootContextLoader, parent = null]
Caused by: org.springframework.beans.factory.UnsatisfiedDependencyException: Error creating bean with name 'collegeApplicationController' defined in file [/home/coder/project/workspace/springapploan/target/classes/com/examly/springapploan/controller/CollegeApplicationController.class]: Unsatisfied dependency expressed through constructor parameter 0: Error creating bean with name 'collegeApplicationServiceImpl' defined in file [/home/coder/project/workspace/springapploan/target/classes/com/examly/springapploan/service/CollegeApplicationServiceImpl.class]: Unsatisfied dependency expressed through constructor parameter 0: Error creating bean with name 'collegeApplicationRepository' defined in com.examly.springapploan.repository.CollegeApplicationRepository defined in @EnableJpaRepositories declared on JpaRepositoriesRegistrar.EnableJpaRepositoriesConfiguration: Not a managed type: class com.examly.springapploan.model.CollegeApplication
Caused by: org.springframework.beans.factory.UnsatisfiedDependencyException: Error creating bean with name 'collegeApplicationServiceImpl' defined in file [/home/coder/project/workspace/springapploan/target/classes/com/examly/springapploan/service/CollegeApplicationServiceImpl.class]: Unsatisfied dependency expressed through constructor parameter 0: Error creating bean with name 'collegeApplicationRepository' defined in com.examly.springapploan.repository.CollegeApplicationRepository defined in @EnableJpaRepositories declared on JpaRepositoriesRegistrar.EnableJpaRepositoriesConfiguration: Not a managed type: class com.examly.springapploan.model.CollegeApplication
Caused by: org.springframework.beans.factory.BeanCreationException: Error creating bean with name 'collegeApplicationRepository' defined in com.examly.springapploan.repository.CollegeApplicationRepository defined in @EnableJpaRepositories declared on JpaRepositoriesRegistrar.EnableJpaRepositoriesConfiguration: Not a managed type: class com.examly.springapploan.model.CollegeApplication
Caused by: java.lang.IllegalArgumentException: Not a managed type: class com.examly.springapploan.model.CollegeApplication

backend_testLoanApplicationInterfaceAndImplementation  Time elapsed: 0.001 s  <<< ERROR!
java.lang.IllegalStateException: Failed to load ApplicationContext for [WebMergedContextConfiguration@245b0bd7 testClass = com.examly.springapploan.SpringappApplicationTests, locations = [], classes = [com.examly.springapploan.SpringapploanApplication], contextInitializerClasses = [], activeProfiles = [], propertySourceLocations = [], propertySourceProperties = ["org.springframework.boot.test.context.SpringBootTestContextBootstrapper=true"], contextCustomizers = [[ImportsContextCustomizer@3bf41cd0 key = [org.springframework.boot.test.autoconfigure.web.servlet.MockMvcAutoConfiguration, org.springframework.boot.test.autoconfigure.web.servlet.MockMvcWebClientAutoConfiguration, org.springframework.boot.test.autoconfigure.web.servlet.MockMvcWebDriverAutoConfiguration, org.springframework.boot.autoconfigure.security.oauth2.client.servlet.OAuth2ClientAutoConfiguration, org.springframework.boot.autoconfigure.security.oauth2.resource.servlet.OAuth2ResourceServerAutoConfiguration, org.springframework.boot.autoconfigure.security.servlet.SecurityAutoConfiguration, org.springframework.boot.autoconfigure.security.servlet.SecurityFilterAutoConfiguration, org.springframework.boot.autoconfigure.security.servlet.UserDetailsServiceAutoConfiguration, org.springframework.boot.test.autoconfigure.web.servlet.MockMvcSecurityConfiguration, org.springframework.boot.test.autoconfigure.web.reactive.WebTestClientAutoConfiguration]], org.springframework.boot.test.context.filter.ExcludeFilterContextCustomizer@5afa3c9, org.springframework.boot.test.json.DuplicateJsonObjectContextCustomizerFactory$DuplicateJsonObjectContextCustomizer@8458f04, org.springframework.boot.test.mock.mockito.MockitoContextCustomizer@0, org.springframework.boot.test.web.client.TestRestTemplateContextCustomizer@7ce026d3, org.springframework.boot.test.autoconfigure.actuate.observability.ObservabilityContextCustomizerFactory$DisableObservabilityContextCustomizer@9da1, org.springframework.boot.test.autoconfigure.properties.PropertyMappingContextCustomizer@4b3fa0b3, org.springframework.boot.test.autoconfigure.web.servlet.WebDriverContextCustomizerFactory$Customizer@6d60fe40, org.springframework.boot.test.context.SpringBootTestAnnotation@8b386323], resourceBasePath = "src/main/webapp", contextLoader = org.springframework.boot.test.context.SpringBootContextLoader, parent = null]
Caused by: org.springframework.beans.factory.UnsatisfiedDependencyException: Error creating bean with name 'collegeApplicationController' defined in file [/home/coder/project/workspace/springapploan/target/classes/com/examly/springapploan/controller/CollegeApplicationController.class]: Unsatisfied dependency expressed through constructor parameter 0: Error creating bean with name 'collegeApplicationServiceImpl' defined in file [/home/coder/project/workspace/springapploan/target/classes/com/examly/springapploan/service/CollegeApplicationServiceImpl.class]: Unsatisfied dependency expressed through constructor parameter 0: Error creating bean with name 'collegeApplicationRepository' defined in com.examly.springapploan.repository.CollegeApplicationRepository defined in @EnableJpaRepositories declared on JpaRepositoriesRegistrar.EnableJpaRepositoriesConfiguration: Not a managed type: class com.examly.springapploan.model.CollegeApplication
Caused by: org.springframework.beans.factory.UnsatisfiedDependencyException: Error creating bean with name 'collegeApplicationServiceImpl' defined in file [/home/coder/project/workspace/springapploan/target/classes/com/examly/springapploan/service/CollegeApplicationServiceImpl.class]: Unsatisfied dependency expressed through constructor parameter 0: Error creating bean with name 'collegeApplicationRepository' defined in com.examly.springapploan.repository.CollegeApplicationRepository defined in @EnableJpaRepositories declared on JpaRepositoriesRegistrar.EnableJpaRepositoriesConfiguration: Not a managed type: class com.examly.springapploan.model.CollegeApplication
Caused by: org.springframework.beans.factory.BeanCreationException: Error creating bean with name 'collegeApplicationRepository' defined in com.examly.springapploan.repository.CollegeApplicationRepository defined in @EnableJpaRepositories declared on JpaRepositoriesRegistrar.EnableJpaRepositoriesConfiguration: Not a managed type: class com.examly.springapploan.model.CollegeApplication
Caused by: java.lang.IllegalArgumentException: Not a managed type: class com.examly.springapploan.model.CollegeApplication

backend_testLoanApplication_HasManyToOneAnnotation  Time elapsed: 0 s  <<< ERROR!
java.lang.IllegalStateException: Failed to load ApplicationContext for [WebMergedContextConfiguration@245b0bd7 testClass = com.examly.springapploan.SpringappApplicationTests, locations = [], classes = [com.examly.springapploan.SpringapploanApplication], contextInitializerClasses = [], activeProfiles = [], propertySourceLocations = [], propertySourceProperties = ["org.springframework.boot.test.context.SpringBootTestContextBootstrapper=true"], contextCustomizers = [[ImportsContextCustomizer@3bf41cd0 key = [org.springframework.boot.test.autoconfigure.web.servlet.MockMvcAutoConfiguration, org.springframework.boot.test.autoconfigure.web.servlet.MockMvcWebClientAutoConfiguration, org.springframework.boot.test.autoconfigure.web.servlet.MockMvcWebDriverAutoConfiguration, org.springframework.boot.autoconfigure.security.oauth2.client.servlet.OAuth2ClientAutoConfiguration, org.springframework.boot.autoconfigure.security.oauth2.resource.servlet.OAuth2ResourceServerAutoConfiguration, org.springframework.boot.autoconfigure.security.servlet.SecurityAutoConfiguration, org.springframework.boot.autoconfigure.security.servlet.SecurityFilterAutoConfiguration, org.springframework.boot.autoconfigure.security.servlet.UserDetailsServiceAutoConfiguration, org.springframework.boot.test.autoconfigure.web.servlet.MockMvcSecurityConfiguration, org.springframework.boot.test.autoconfigure.web.reactive.WebTestClientAutoConfiguration]], org.springframework.boot.test.context.filter.ExcludeFilterContextCustomizer@5afa3c9, org.springframework.boot.test.json.DuplicateJsonObjectContextCustomizerFactory$DuplicateJsonObjectContextCustomizer@8458f04, org.springframework.boot.test.mock.mockito.MockitoContextCustomizer@0, org.springframework.boot.test.web.client.TestRestTemplateContextCustomizer@7ce026d3, org.springframework.boot.test.autoconfigure.actuate.observability.ObservabilityContextCustomizerFactory$DisableObservabilityContextCustomizer@9da1, org.springframework.boot.test.autoconfigure.properties.PropertyMappingContextCustomizer@4b3fa0b3, org.springframework.boot.test.autoconfigure.web.servlet.WebDriverContextCustomizerFactory$Customizer@6d60fe40, org.springframework.boot.test.context.SpringBootTestAnnotation@8b386323], resourceBasePath = "src/main/webapp", contextLoader = org.springframework.boot.test.context.SpringBootContextLoader, parent = null]
Caused by: org.springframework.beans.factory.UnsatisfiedDependencyException: Error creating bean with name 'collegeApplicationController' defined in file [/home/coder/project/workspace/springapploan/target/classes/com/examly/springapploan/controller/CollegeApplicationController.class]: Unsatisfied dependency expressed through constructor parameter 0: Error creating bean with name 'collegeApplicationServiceImpl' defined in file [/home/coder/project/workspace/springapploan/target/classes/com/examly/springapploan/service/CollegeApplicationServiceImpl.class]: Unsatisfied dependency expressed through constructor parameter 0: Error creating bean with name 'collegeApplicationRepository' defined in com.examly.springapploan.repository.CollegeApplicationRepository defined in @EnableJpaRepositories declared on JpaRepositoriesRegistrar.EnableJpaRepositoriesConfiguration: Not a managed type: class com.examly.springapploan.model.CollegeApplication
Caused by: org.springframework.beans.factory.UnsatisfiedDependencyException: Error creating bean with name 'collegeApplicationServiceImpl' defined in file [/home/coder/project/workspace/springapploan/target/classes/com/examly/springapploan/service/CollegeApplicationServiceImpl.class]: Unsatisfied dependency expressed through constructor parameter 0: Error creating bean with name 'collegeApplicationRepository' defined in com.examly.springapploan.repository.CollegeApplicationRepository defined in @EnableJpaRepositories declared on JpaRepositoriesRegistrar.EnableJpaRepositoriesConfiguration: Not a managed type: class com.examly.springapploan.model.CollegeApplication
Caused by: org.springframework.beans.factory.BeanCreationException: Error creating bean with name 'collegeApplicationRepository' defined in com.examly.springapploan.repository.CollegeApplicationRepository defined in @EnableJpaRepositories declared on JpaRepositoriesRegistrar.EnableJpaRepositoriesConfiguration: Not a managed type: class com.examly.springapploan.model.CollegeApplication
Caused by: java.lang.IllegalArgumentException: Not a managed type: class com.examly.springapploan.model.CollegeApplication

backend_testLoanDisbursementHasManyToOneAnnotation  Time elapsed: 0.001 s  <<< ERROR!
java.lang.IllegalStateException: Failed to load ApplicationContext for [WebMergedContextConfiguration@245b0bd7 testClass = com.examly.springapploan.SpringappApplicationTests, locations = [], classes = [com.examly.springapploan.SpringapploanApplication], contextInitializerClasses = [], activeProfiles = [], propertySourceLocations = [], propertySourceProperties = ["org.springframework.boot.test.context.SpringBootTestContextBootstrapper=true"], contextCustomizers = [[ImportsContextCustomizer@3bf41cd0 key = [org.springframework.boot.test.autoconfigure.web.servlet.MockMvcAutoConfiguration, org.springframework.boot.test.autoconfigure.web.servlet.MockMvcWebClientAutoConfiguration, org.springframework.boot.test.autoconfigure.web.servlet.MockMvcWebDriverAutoConfiguration, org.springframework.boot.autoconfigure.security.oauth2.client.servlet.OAuth2ClientAutoConfiguration, org.springframework.boot.autoconfigure.security.oauth2.resource.servlet.OAuth2ResourceServerAutoConfiguration, org.springframework.boot.autoconfigure.security.servlet.SecurityAutoConfiguration, org.springframework.boot.autoconfigure.security.servlet.SecurityFilterAutoConfiguration, org.springframework.boot.autoconfigure.security.servlet.UserDetailsServiceAutoConfiguration, org.springframework.boot.test.autoconfigure.web.servlet.MockMvcSecurityConfiguration, org.springframework.boot.test.autoconfigure.web.reactive.WebTestClientAutoConfiguration]], org.springframework.boot.test.context.filter.ExcludeFilterContextCustomizer@5afa3c9, org.springframework.boot.test.json.DuplicateJsonObjectContextCustomizerFactory$DuplicateJsonObjectContextCustomizer@8458f04, org.springframework.boot.test.mock.mockito.MockitoContextCustomizer@0, org.springframework.boot.test.web.client.TestRestTemplateContextCustomizer@7ce026d3, org.springframework.boot.test.autoconfigure.actuate.observability.ObservabilityContextCustomizerFactory$DisableObservabilityContextCustomizer@9da1, org.springframework.boot.test.autoconfigure.properties.PropertyMappingContextCustomizer@4b3fa0b3, org.springframework.boot.test.autoconfigure.web.servlet.WebDriverContextCustomizerFactory$Customizer@6d60fe40, org.springframework.boot.test.context.SpringBootTestAnnotation@8b386323], resourceBasePath = "src/main/webapp", contextLoader = org.springframework.boot.test.context.SpringBootContextLoader, parent = null]
Caused by: org.springframework.beans.factory.UnsatisfiedDependencyException: Error creating bean with name 'collegeApplicationController' defined in file [/home/coder/project/workspace/springapploan/target/classes/com/examly/springapploan/controller/CollegeApplicationController.class]: Unsatisfied dependency expressed through constructor parameter 0: Error creating bean with name 'collegeApplicationServiceImpl' defined in file [/home/coder/project/workspace/springapploan/target/classes/com/examly/springapploan/service/CollegeApplicationServiceImpl.class]: Unsatisfied dependency expressed through constructor parameter 0: Error creating bean with name 'collegeApplicationRepository' defined in com.examly.springapploan.repository.CollegeApplicationRepository defined in @EnableJpaRepositories declared on JpaRepositoriesRegistrar.EnableJpaRepositoriesConfiguration: Not a managed type: class com.examly.springapploan.model.CollegeApplication
Caused by: org.springframework.beans.factory.UnsatisfiedDependencyException: Error creating bean with name 'collegeApplicationServiceImpl' defined in file [/home/coder/project/workspace/springapploan/target/classes/com/examly/springapploan/service/CollegeApplicationServiceImpl.class]: Unsatisfied dependency expressed through constructor parameter 0: Error creating bean with name 'collegeApplicationRepository' defined in com.examly.springapploan.repository.CollegeApplicationRepository defined in @EnableJpaRepositories declared on JpaRepositoriesRegistrar.EnableJpaRepositoriesConfiguration: Not a managed type: class com.examly.springapploan.model.CollegeApplication
Caused by: org.springframework.beans.factory.BeanCreationException: Error creating bean with name 'collegeApplicationRepository' defined in com.examly.springapploan.repository.CollegeApplicationRepository defined in @EnableJpaRepositories declared on JpaRepositoriesRegistrar.EnableJpaRepositoriesConfiguration: Not a managed type: class com.examly.springapploan.model.CollegeApplication
Caused by: java.lang.IllegalArgumentException: Not a managed type: class com.examly.springapploan.model.CollegeApplication

backend_testLoanModelClassExists  Time elapsed: 0 s  <<< ERROR!
java.lang.IllegalStateException: Failed to load ApplicationContext for [WebMergedContextConfiguration@245b0bd7 testClass = com.examly.springapploan.SpringappApplicationTests, locations = [], classes = [com.examly.springapploan.SpringapploanApplication], contextInitializerClasses = [], activeProfiles = [], propertySourceLocations = [], propertySourceProperties = ["org.springframework.boot.test.context.SpringBootTestContextBootstrapper=true"], contextCustomizers = [[ImportsContextCustomizer@3bf41cd0 key = [org.springframework.boot.test.autoconfigure.web.servlet.MockMvcAutoConfiguration, org.springframework.boot.test.autoconfigure.web.servlet.MockMvcWebClientAutoConfiguration, org.springframework.boot.test.autoconfigure.web.servlet.MockMvcWebDriverAutoConfiguration, org.springframework.boot.autoconfigure.security.oauth2.client.servlet.OAuth2ClientAutoConfiguration, org.springframework.boot.autoconfigure.security.oauth2.resource.servlet.OAuth2ResourceServerAutoConfiguration, org.springframework.boot.autoconfigure.security.servlet.SecurityAutoConfiguration, org.springframework.boot.autoconfigure.security.servlet.SecurityFilterAutoConfiguration, org.springframework.boot.autoconfigure.security.servlet.UserDetailsServiceAutoConfiguration, org.springframework.boot.test.autoconfigure.web.servlet.MockMvcSecurityConfiguration, org.springframework.boot.test.autoconfigure.web.reactive.WebTestClientAutoConfiguration]], org.springframework.boot.test.context.filter.ExcludeFilterContextCustomizer@5afa3c9, org.springframework.boot.test.json.DuplicateJsonObjectContextCustomizerFactory$DuplicateJsonObjectContextCustomizer@8458f04, org.springframework.boot.test.mock.mockito.MockitoContextCustomizer@0, org.springframework.boot.test.web.client.TestRestTemplateContextCustomizer@7ce026d3, org.springframework.boot.test.autoconfigure.actuate.observability.ObservabilityContextCustomizerFactory$DisableObservabilityContextCustomizer@9da1, org.springframework.boot.test.autoconfigure.properties.PropertyMappingContextCustomizer@4b3fa0b3, org.springframework.boot.test.autoconfigure.web.servlet.WebDriverContextCustomizerFactory$Customizer@6d60fe40, org.springframework.boot.test.context.SpringBootTestAnnotation@8b386323], resourceBasePath = "src/main/webapp", contextLoader = org.springframework.boot.test.context.SpringBootContextLoader, parent = null]
Caused by: org.springframework.beans.factory.UnsatisfiedDependencyException: Error creating bean with name 'collegeApplicationController' defined in file [/home/coder/project/workspace/springapploan/target/classes/com/examly/springapploan/controller/CollegeApplicationController.class]: Unsatisfied dependency expressed through constructor parameter 0: Error creating bean with name 'collegeApplicationServiceImpl' defined in file [/home/coder/project/workspace/springapploan/target/classes/com/examly/springapploan/service/CollegeApplicationServiceImpl.class]: Unsatisfied dependency expressed through constructor parameter 0: Error creating bean with name 'collegeApplicationRepository' defined in com.examly.springapploan.repository.CollegeApplicationRepository defined in @EnableJpaRepositories declared on JpaRepositoriesRegistrar.EnableJpaRepositoriesConfiguration: Not a managed type: class com.examly.springapploan.model.CollegeApplication
Caused by: org.springframework.beans.factory.UnsatisfiedDependencyException: Error creating bean with name 'collegeApplicationServiceImpl' defined in file [/home/coder/project/workspace/springapploan/target/classes/com/examly/springapploan/service/CollegeApplicationServiceImpl.class]: Unsatisfied dependency expressed through constructor parameter 0: Error creating bean with name 'collegeApplicationRepository' defined in com.examly.springapploan.repository.CollegeApplicationRepository defined in @EnableJpaRepositories declared on JpaRepositoriesRegistrar.EnableJpaRepositoriesConfiguration: Not a managed type: class com.examly.springapploan.model.CollegeApplication
Caused by: org.springframework.beans.factory.BeanCreationException: Error creating bean with name 'collegeApplicationRepository' defined in com.examly.springapploan.repository.CollegeApplicationRepository defined in @EnableJpaRepositories declared on JpaRepositoriesRegistrar.EnableJpaRepositoriesConfiguration: Not a managed type: class com.examly.springapploan.model.CollegeApplication
Caused by: java.lang.IllegalArgumentException: Not a managed type: class com.examly.springapploan.model.CollegeApplication

backend_testLoanApplicationControllerClassExists  Time elapsed: 0 s  <<< ERROR!
java.lang.IllegalStateException: Failed to load ApplicationContext for [WebMergedContextConfiguration@245b0bd7 testClass = com.examly.springapploan.SpringappApplicationTests, locations = [], classes = [com.examly.springapploan.SpringapploanApplication], contextInitializerClasses = [], activeProfiles = [], propertySourceLocations = [], propertySourceProperties = ["org.springframework.boot.test.context.SpringBootTestContextBootstrapper=true"], contextCustomizers = [[ImportsContextCustomizer@3bf41cd0 key = [org.springframework.boot.test.autoconfigure.web.servlet.MockMvcAutoConfiguration, org.springframework.boot.test.autoconfigure.web.servlet.MockMvcWebClientAutoConfiguration, org.springframework.boot.test.autoconfigure.web.servlet.MockMvcWebDriverAutoConfiguration, org.springframework.boot.autoconfigure.security.oauth2.client.servlet.OAuth2ClientAutoConfiguration, org.springframework.boot.autoconfigure.security.oauth2.resource.servlet.OAuth2ResourceServerAutoConfiguration, org.springframework.boot.autoconfigure.security.servlet.SecurityAutoConfiguration, org.springframework.boot.autoconfigure.security.servlet.SecurityFilterAutoConfiguration, org.springframework.boot.autoconfigure.security.servlet.UserDetailsServiceAutoConfiguration, org.springframework.boot.test.autoconfigure.web.servlet.MockMvcSecurityConfiguration, org.springframework.boot.test.autoconfigure.web.reactive.WebTestClientAutoConfiguration]], org.springframework.boot.test.context.filter.ExcludeFilterContextCustomizer@5afa3c9, org.springframework.boot.test.json.DuplicateJsonObjectContextCustomizerFactory$DuplicateJsonObjectContextCustomizer@8458f04, org.springframework.boot.test.mock.mockito.MockitoContextCustomizer@0, org.springframework.boot.test.web.client.TestRestTemplateContextCustomizer@7ce026d3, org.springframework.boot.test.autoconfigure.actuate.observability.ObservabilityContextCustomizerFactory$DisableObservabilityContextCustomizer@9da1, org.springframework.boot.test.autoconfigure.properties.PropertyMappingContextCustomizer@4b3fa0b3, org.springframework.boot.test.autoconfigure.web.servlet.WebDriverContextCustomizerFactory$Customizer@6d60fe40, org.springframework.boot.test.context.SpringBootTestAnnotation@8b386323], resourceBasePath = "src/main/webapp", contextLoader = org.springframework.boot.test.context.SpringBootContextLoader, parent = null]
Caused by: org.springframework.beans.factory.UnsatisfiedDependencyException: Error creating bean with name 'collegeApplicationController' defined in file [/home/coder/project/workspace/springapploan/target/classes/com/examly/springapploan/controller/CollegeApplicationController.class]: Unsatisfied dependency expressed through constructor parameter 0: Error creating bean with name 'collegeApplicationServiceImpl' defined in file [/home/coder/project/workspace/springapploan/target/classes/com/examly/springapploan/service/CollegeApplicationServiceImpl.class]: Unsatisfied dependency expressed through constructor parameter 0: Error creating bean with name 'collegeApplicationRepository' defined in com.examly.springapploan.repository.CollegeApplicationRepository defined in @EnableJpaRepositories declared on JpaRepositoriesRegistrar.EnableJpaRepositoriesConfiguration: Not a managed type: class com.examly.springapploan.model.CollegeApplication
Caused by: org.springframework.beans.factory.UnsatisfiedDependencyException: Error creating bean with name 'collegeApplicationServiceImpl' defined in file [/home/coder/project/workspace/springapploan/target/classes/com/examly/springapploan/service/CollegeApplicationServiceImpl.class]: Unsatisfied dependency expressed through constructor parameter 0: Error creating bean with name 'collegeApplicationRepository' defined in com.examly.springapploan.repository.CollegeApplicationRepository defined in @EnableJpaRepositories declared on JpaRepositoriesRegistrar.EnableJpaRepositoriesConfiguration: Not a managed type: class com.examly.springapploan.model.CollegeApplication
Caused by: org.springframework.beans.factory.BeanCreationException: Error creating bean with name 'collegeApplicationRepository' defined in com.examly.springapploan.repository.CollegeApplicationRepository defined in @EnableJpaRepositories declared on JpaRepositoriesRegistrar.EnableJpaRepositoriesConfiguration: Not a managed type: class com.examly.springapploan.model.CollegeApplication
Caused by: java.lang.IllegalArgumentException: Not a managed type: class com.examly.springapploan.model.CollegeApplication

backend_testLoanInterfaceAndImplementation  Time elapsed: 0 s  <<< ERROR!
java.lang.IllegalStateException: Failed to load ApplicationContext for [WebMergedContextConfiguration@245b0bd7 testClass = com.examly.springapploan.SpringappApplicationTests, locations = [], classes = [com.examly.springapploan.SpringapploanApplication], contextInitializerClasses = [], activeProfiles = [], propertySourceLocations = [], propertySourceProperties = ["org.springframework.boot.test.context.SpringBootTestContextBootstrapper=true"], contextCustomizers = [[ImportsContextCustomizer@3bf41cd0 key = [org.springframework.boot.test.autoconfigure.web.servlet.MockMvcAutoConfiguration, org.springframework.boot.test.autoconfigure.web.servlet.MockMvcWebClientAutoConfiguration, org.springframework.boot.test.autoconfigure.web.servlet.MockMvcWebDriverAutoConfiguration, org.springframework.boot.autoconfigure.security.oauth2.client.servlet.OAuth2ClientAutoConfiguration, org.springframework.boot.autoconfigure.security.oauth2.resource.servlet.OAuth2ResourceServerAutoConfiguration, org.springframework.boot.autoconfigure.security.servlet.SecurityAutoConfiguration, org.springframework.boot.autoconfigure.security.servlet.SecurityFilterAutoConfiguration, org.springframework.boot.autoconfigure.security.servlet.UserDetailsServiceAutoConfiguration, org.springframework.boot.test.autoconfigure.web.servlet.MockMvcSecurityConfiguration, org.springframework.boot.test.autoconfigure.web.reactive.WebTestClientAutoConfiguration]], org.springframework.boot.test.context.filter.ExcludeFilterContextCustomizer@5afa3c9, org.springframework.boot.test.json.DuplicateJsonObjectContextCustomizerFactory$DuplicateJsonObjectContextCustomizer@8458f04, org.springframework.boot.test.mock.mockito.MockitoContextCustomizer@0, org.springframework.boot.test.web.client.TestRestTemplateContextCustomizer@7ce026d3, org.springframework.boot.test.autoconfigure.actuate.observability.ObservabilityContextCustomizerFactory$DisableObservabilityContextCustomizer@9da1, org.springframework.boot.test.autoconfigure.properties.PropertyMappingContextCustomizer@4b3fa0b3, org.springframework.boot.test.autoconfigure.web.servlet.WebDriverContextCustomizerFactory$Customizer@6d60fe40, org.springframework.boot.test.context.SpringBootTestAnnotation@8b386323], resourceBasePath = "src/main/webapp", contextLoader = org.springframework.boot.test.context.SpringBootContextLoader, parent = null]
Caused by: org.springframework.beans.factory.UnsatisfiedDependencyException: Error creating bean with name 'collegeApplicationController' defined in file [/home/coder/project/workspace/springapploan/target/classes/com/examly/springapploan/controller/CollegeApplicationController.class]: Unsatisfied dependency expressed through constructor parameter 0: Error creating bean with name 'collegeApplicationServiceImpl' defined in file [/home/coder/project/workspace/springapploan/target/classes/com/examly/springapploan/service/CollegeApplicationServiceImpl.class]: Unsatisfied dependency expressed through constructor parameter 0: Error creating bean with name 'collegeApplicationRepository' defined in com.examly.springapploan.repository.CollegeApplicationRepository defined in @EnableJpaRepositories declared on JpaRepositoriesRegistrar.EnableJpaRepositoriesConfiguration: Not a managed type: class com.examly.springapploan.model.CollegeApplication
Caused by: org.springframework.beans.factory.UnsatisfiedDependencyException: Error creating bean with name 'collegeApplicationServiceImpl' defined in file [/home/coder/project/workspace/springapploan/target/classes/com/examly/springapploan/service/CollegeApplicationServiceImpl.class]: Unsatisfied dependency expressed through constructor parameter 0: Error creating bean with name 'collegeApplicationRepository' defined in com.examly.springapploan.repository.CollegeApplicationRepository defined in @EnableJpaRepositories declared on JpaRepositoriesRegistrar.EnableJpaRepositoriesConfiguration: Not a managed type: class com.examly.springapploan.model.CollegeApplication
Caused by: org.springframework.beans.factory.BeanCreationException: Error creating bean with name 'collegeApplicationRepository' defined in com.examly.springapploan.repository.CollegeApplicationRepository defined in @EnableJpaRepositories declared on JpaRepositoriesRegistrar.EnableJpaRepositoriesConfiguration: Not a managed type: class com.examly.springapploan.model.CollegeApplication
Caused by: java.lang.IllegalArgumentException: Not a managed type: class com.examly.springapploan.model.CollegeApplication

