-------------------------------------------------------------------------------
Test set: com.examly.springapploan.SpringappApplicationTests
-------------------------------------------------------------------------------
Tests run: 9, Failures: 3, Errors: 0, Skipped: 0, Time elapsed: 3.943 s <<< FAILURE! - in com.examly.springapploan.SpringappApplicationTests
backend_testGetAllloans  Time elapsed: 0.149 s  <<< FAILURE!
java.lang.AssertionError: Status expected:<200> but was:<404>
	at com.examly.springapploan.SpringappApplicationTests.backend_testGetAllloans(SpringapploanApplicationTests.java:46)

backend_testLoanApplication_HasManyToOneAnnotation  Time elapsed: 0.003 s  <<< FAILURE!
org.opentest4j.AssertionFailedError: No field with @ManyToOne annotation found in Feedback class.
	at com.examly.springapploan.SpringappApplicationTests.backend_testLoanApplication_HasManyToOneAnnotation(SpringapploanApplicationTests.java:74)

backend_testLoanDisbursementHasManyToOneAnnotation  Time elapsed: 0.002 s  <<< FAILURE!
org.opentest4j.AssertionFailedError: Class not found: com.examly.springapploan.model.LoanDisbursement
	at com.examly.springapploan.SpringappApplicationTests.backend_testLoanDisbursementHasManyToOneAnnotation(SpringapploanApplicationTests.java:109)

